[19:16:54] [ServerMain/INFO]: Environment: Environment[sessionHost=https://sessionserver.mojang.com, servicesHost=https://api.minecraftservices.com, name=PROD]
[19:16:57] [ServerMain/INFO]: Loaded 1174 recipes
[19:16:57] [ServerMain/INFO]: Loaded 1271 advancements
[19:16:58] [Server thread/INFO]: Starting minecraft server version 1.20.4
[19:16:58] [Server thread/INFO]: Loading properties
[19:16:58] [Server thread/INFO]: This server is running Paper version git-Paper-339 (MC: 1.20.4) (Implementing API version 1.20.4-R0.1-SNAPSHOT) (Git: b4c9e7e)
[19:16:59] [Server thread/INFO]: Server Ping Player Sample Count: 12
[19:16:59] [Server thread/INFO]: Using 4 threads for Netty based IO
[19:17:00] [Server thread/WARN]: [!] The timings profiler has been enabled but has been scheduled for removal from Paper in the future.
    We recommend installing the spark profiler as a replacement: https://spark.lucko.me/
    For more information please visit: https://github.com/PaperMC/Paper/issues/8948
[19:17:00] [Server thread/INFO]: [ChunkTaskScheduler] Chunk system is using 1 I/O threads, 2 worker threads, and gen parallelism of 2 threads
[19:17:01] [Server thread/INFO]: Default game type: SURVIVAL
[19:17:01] [Server thread/INFO]: Generating keypair
[19:17:01] [Server thread/INFO]: Starting Minecraft server on *:25565
[19:17:01] [Server thread/INFO]: Using epoll channel type
[19:17:01] [Server thread/INFO]: Paper: Using libdeflate (Linux x86_64) compression from Velocity.
[19:17:01] [Server thread/INFO]: Paper: Using OpenSSL 3.0.x (Linux x86_64) cipher from Velocity.
[19:17:01] [Server thread/INFO]: [Geyser-Spigot] Loading server plugin Geyser-Spigot v2.2.0-SNAPSHOT
[19:17:02] [Server thread/INFO]: [Geyser-Spigot] Loading extensions...
[19:17:02] [Server thread/INFO]: [Geyser-Spigot] Loaded 0 extension(s)
[19:17:02] [Server thread/INFO]: Server permissions file permissions.yml is empty, ignoring it
[19:17:02] [Server thread/WARN]: **** SERVER IS RUNNING IN OFFLINE/INSECURE MODE!
[19:17:02] [Server thread/WARN]: The server will make no attempt to authenticate usernames. Beware.
[19:17:02] [Server thread/WARN]: While this makes the game possible to play without internet access, it also opens up the ability for hackers to connect with any username they choose.
[19:17:02] [Server thread/WARN]: To change this, set "online-mode" to "true" in the server.properties file.
[19:17:02] [Server thread/INFO]: Preparing level "world"
[19:17:04] [Server thread/INFO]: Preparing start region for dimension minecraft:overworld
[19:17:07] [Server thread/INFO]: Time elapsed: 3227 ms
[19:17:07] [Server thread/INFO]: Preparing start region for dimension minecraft:the_nether
[19:17:07] [Server thread/INFO]: Time elapsed: 110 ms
[19:17:07] [Server thread/INFO]: Preparing start region for dimension minecraft:the_end
[19:17:07] [Server thread/INFO]: Time elapsed: 103 ms
[19:17:07] [Server thread/INFO]: [Geyser-Spigot] Enabling Geyser-Spigot v2.2.0-SNAPSHOT
[19:17:08] [Server thread/INFO]: [Geyser-Spigot] ******************************************
[19:17:08] [Server thread/INFO]: [Geyser-Spigot] 
[19:17:08] [Server thread/INFO]: [Geyser-Spigot] Loading Geyser version 2.2.0-SNAPSHOT (git-master-cdb8ab3)
[19:17:08] [Server thread/INFO]: [Geyser-Spigot] 
[19:17:08] [Server thread/INFO]: [Geyser-Spigot] ******************************************
[19:17:18] [Server thread/INFO]: [Geyser-Spigot] Started Geyser on 0.0.0.0:19132
[19:17:18] [Server thread/INFO]: [Geyser-Spigot] Done (10.632s)! Run /geyser help for help!
[19:17:19] [Server thread/INFO]: Running delayed init tasks
[19:17:19] [Server thread/INFO]: Done (21.121s)! For help, type "help"
[19:17:19] [Server thread/INFO]: Timings Reset
[19:18:44] [User Authenticator #0/INFO]: UUID of player SuspenseOp is e6b42208-a290-3cb1-a8d2-bfb29bae00e0
[19:18:46] [Server thread/INFO]: SuspenseOp joined the game
[19:18:46] [Server thread/INFO]: SuspenseOp[/127.114.167.235:41463] logged in with entity id 280 at ([world]-299.38889460209595, 87.0, 95.94333084716511)
[19:19:33] [Server thread/INFO]: SuspenseOp fell from a high place
[19:20:55] [epollEventLoopGroup-3-1/INFO]: [Geyser-Spigot] /127.228.180.23:51077 tried to connect!
[19:20:57] [epollEventLoopGroup-3-2/INFO]: [Geyser-Spigot] Player connected with username ajha1304
[19:20:57] [defaultEventLoopGroup-6-2/INFO]: [Geyser-Spigot] ajha1304 (logged in as: ajha1304) has connected to the Java server
[19:20:57] [User Authenticator #1/INFO]: UUID of player ajha1304 is 926d1512-3375-3515-94d2-891e64131925
[19:20:57] [Server thread/INFO]: ajha1304 joined the game
[19:20:57] [Server thread/INFO]: ajha1304[/127.228.180.23:0] logged in with entity id 690 at ([world]-305.6499, 88.0, 81.23224)
[19:21:38] [Server thread/INFO]: SuspenseOp has made the advancement [The Parrots and the Bats]
[19:21:50] [Async Chat Thread - #1/INFO]: [Not Secure] <ajha1304> bc sex karwa rha hai
[19:22:27] [Async Chat Thread - #0/INFO]: [Not Secure] <ajha1304> normal pakistani behàviou
[19:22:55] [Async Chat Thread - #1/INFO]: [Not Secure] <ajha1304> nhi real siblings too
[19:25:00] [Async Chat Thread - #2/INFO]: [Not Secure] <ajha1304> give ex
[19:25:40] [Async Chat Thread - #2/INFO]: [Not Secure] <ajha1304> ex
[19:25:51] [Async Chat Thread - #3/INFO]: [Not Secure] <ajha1304> ex
[19:26:03] [Async Chat Thread - #2/INFO]: [Not Secure] <ajha1304> play maharani
[19:27:48] [Async Chat Thread - #4/INFO]: [Not Secure] <ajha1304> come farm
[19:29:04] [Async Chat Thread - #6/INFO]: [Not Secure] <ajha1304> yes
[19:33:35] [Async Chat Thread - #8/INFO]: [Not Secure] <ajha1304> asthetic bana rhe
[19:33:56] [Async Chat Thread - #8/INFO]: [Not Secure] <ajha1304> idhar aao
[19:34:28] [Async Chat Thread - #9/INFO]: [Not Secure] <ajha1304> run
[19:34:39] [Async Chat Thread - #8/INFO]: [Not Secure] <ajha1304> moothere
[19:34:41] [Async Chat Thread - #8/INFO]: [Not Secure] <SuspenseOp> hunger khtm
[19:35:13] [Server thread/INFO]: SuspenseOp was killed
[19:35:13] [Server thread/INFO]: ajha1304 was killed
[19:35:13] [Server thread/INFO]: Killed 2 entities
[19:35:22] [Async Chat Thread - #8/INFO]: [Not Secure] <SuspenseOp> kya kar raha hai
[19:35:24] [Async Chat Thread - #9/INFO]: [Not Secure] <ajha1304> re bokachidq
[19:35:26] [Async Chat Thread - #8/INFO]: [Not Secure] <SuspenseOp> bbi
[19:35:40] [Async Chat Thread - #9/INFO]: [Not Secure] <SuspenseOp> bhai cow lekr arahe hai
[19:35:46] [User Authenticator #2/INFO]: UUID of player BIGBEASTISHANK is 53a3fdc7-56b7-3745-9569-a972de0a4fea
[19:35:46] [Server thread/INFO]: BIGBEASTISHANK joined the game
[19:35:46] [Server thread/INFO]: BIGBEASTISHANK[/127.227.231.19:53691] logged in with entity id 3369 at ([world]-308.58357343812537, 87.5625, 96.33679306254854)
[19:35:57] [Async Chat Thread - #8/INFO]: [Not Secure] <SuspenseOp> ha bol
[19:37:00] [Server thread/INFO]: BIGBEASTISHANK was slain by ajha1304
[19:37:02] [Async Chat Thread - #10/INFO]: [Not Secure] <SuspenseOp> pata hai
[19:37:15] [Async Chat Thread - #11/INFO]: [Not Secure] <SuspenseOp> likh 6969
[19:37:27] [Server thread/WARN]: Can't keep up! Is the server overloaded? Running 8430ms or 168 ticks behind
[19:37:31] [Async Chat Thread - #11/INFO]: [Not Secure] <SuspenseOp> ha bol
[19:37:43] [Async Chat Thread - #11/INFO]: [Not Secure] <ajha1304> kam kar
[19:37:48] [Async Chat Thread - #10/INFO]: [Not Secure] <SuspenseOp> abe
[19:38:04] [Async Chat Thread - #10/INFO]: [Not Secure] <ajha1304> ooye bbi
[19:38:30] [Async Chat Thread - #11/INFO]: [Not Secure] <ajha1304> ishank idhar aao
[19:38:45] [Async Chat Thread - #10/INFO]: [Not Secure] <ajha1304> isha k
[19:38:53] [Async Chat Thread - #11/INFO]: [Not Secure] <ajha1304> abbe sun
[19:38:56] [Server thread/WARN]: Can't keep up! Is the server overloaded? Running 3441ms or 68 ticks behind
[19:39:14] [Async Chat Thread - #11/INFO]: [Not Secure] <ajha1304> bhai gana band karoto
[19:39:28] [Async Chat Thread - #10/INFO]: [Not Secure] <ajha1304> re
[19:40:03] [Async Chat Thread - #11/INFO]: [Not Secure] <ajha1304> piyush bhai bbi ko bolo 20 oak aur 20 birch log leke aaye
[19:40:41] [Async Chat Thread - #10/INFO]: [Not Secure] <ajha1304> piyush
[19:40:58] [Async Chat Thread - #11/INFO]: [Not Secure] <ajha1304> see message
[19:41:04] [Async Chat Thread - #10/INFO]: [Not Secure] <ajha1304> bbi ko bolo
[19:41:10] [Server thread/INFO]: BIGBEASTISHANK fell from a high place
[19:41:59] [Async Chat Thread - #11/INFO]: [Not Secure] <ajha1304> bbi chutiye kam karo
[19:42:39] [Server thread/WARN]: Can't keep up! Is the server overloaded? Running 8423ms or 168 ticks behind
[19:42:39] [Server thread/WARN]: BIGBEASTISHANK moved too quickly! -2.5142010873717595,2.757002463247801,9.52474188527924
[19:42:55] [Async Chat Thread - #10/INFO]: [Not Secure] <ajha1304> lol
[19:43:30] [Async Chat Thread - #10/INFO]: [Not Secure] <ajha1304> ye sab phas gya tha bhai
[19:44:20] [Async Chat Thread - #11/INFO]: [Not Secure] <ajha1304> bbi gandu kam karo
[19:44:43] [Server thread/INFO]: BIGBEASTISHANK has made the advancement [A Seedy Place]
[19:44:52] [Server thread/INFO]: ajha1304 has made the advancement [A Seedy Place]
[19:45:24] [Async Chat Thread - #12/INFO]: [Not Secure] <ajha1304> ye waps liye
[19:45:35] [Async Chat Thread - #13/INFO]: [Not Secure] <ajha1304> arre tum do
[19:45:51] [Async Chat Thread - #12/INFO]: [Not Secure] <ajha1304> kam mat karo iron loge bhag
[19:46:11] [Async Chat Thread - #13/INFO]: [Not Secure] <ajha1304> piyush givenbirch
[19:47:06] [Server thread/INFO]: SuspenseOp was doomed to fall by ajha1304
[19:47:34] [Server thread/INFO]: BIGBEASTISHANK fell from a high place
[19:47:36] [Async Chat Thread - #14/INFO]: [Not Secure] <ajha1304> seed leaao
[19:47:55] [Async Chat Thread - #15/INFO]: [Not Secure] <ajha1304> ya gajar ya aalo
[19:48:00] [Async Chat Thread - #14/INFO]: [Not Secure] <ajha1304> village me hoga
[19:48:09] [Async Chat Thread - #15/INFO]: [Not Secure] <ajha1304> aalo
[19:48:53] [Async Chat Thread - #14/INFO]: [Not Secure] <ajha1304> chup chap khodaye karo
[19:49:15] [Async Chat Thread - #15/INFO]: [Not Secure] <ajha1304> khana nhi denge 
[19:49:40] [Async Chat Thread - #14/INFO]: [Not Secure] <ajha1304> todo mat
[19:49:51] [Server thread/INFO]: ajha1304 fell from a high place
[19:50:00] [Async Chat Thread - #15/INFO]: [Not Secure] <ajha1304> aaye kaise
[19:50:10] [Async Chat Thread - #14/INFO]: [Not Secure] <ajha1304> nhi no cheating
[19:50:24] [Async Chat Thread - #15/INFO]: [Not Secure] <ajha1304> nhi upar aao dedenge
[19:51:49] [epollEventLoopGroup-3-1/INFO]: [Geyser-Spigot] /127.244.25.85:43095 tried to connect!
[19:51:49] [epollEventLoopGroup-3-3/INFO]: [Geyser-Spigot] Bedrock user with ip: /127.244.25.85 has disconnected for reason Outdated Geyser proxy! This server supports the following Bedrock versions: 1.20.40/1.20.41, 1.20.50/1.20.51
[19:52:07] [Async Chat Thread - #16/INFO]: [Not Secure] <ajha1304> chaiye wood
[19:52:20] [defaultEventLoopGroup-6-2/INFO]: [Geyser-Spigot] ajha1304 has disconnected from the Java server because of Bedrock client disconnected
[19:52:20] [Server thread/INFO]: ajha1304 lost connection: Disconnected
[19:52:26] [Server thread/INFO]: ajha1304 left the game
[19:52:26] [Server thread/WARN]: Can't keep up! Is the server overloaded? Running 6204ms or 124 ticks behind
[19:52:26] [Server thread/WARN]: BIGBEASTISHANK moved too quickly! -15.795804222444133,4.024424088213692,0.6813734625293932
[19:52:54] [Server thread/WARN]: Can't keep up! Is the server overloaded? Running 8464ms or 169 ticks behind
[19:52:54] [Server thread/WARN]: SuspenseOp moved too quickly! 0.6309330254394467,-1.7967356006687112,-27.21928452453733
[19:52:57] [epollEventLoopGroup-3-1/INFO]: [Geyser-Spigot] /127.244.25.85:43095 tried to connect!
[19:52:57] [epollEventLoopGroup-3-4/INFO]: [Geyser-Spigot] Bedrock user with ip: /127.244.25.85 has disconnected for reason Outdated Geyser proxy! This server supports the following Bedrock versions: 1.20.40/1.20.41, 1.20.50/1.20.51
[19:54:45] [epollEventLoopGroup-3-1/INFO]: [Geyser-Spigot] /127.244.25.85:43095 tried to connect!
[19:55:10] [epollEventLoopGroup-3-1/INFO]: [Geyser-Spigot] /127.244.25.85:43095 tried to connect!
[19:55:11] [epollEventLoopGroup-3-2/INFO]: [Geyser-Spigot] Bedrock user with ip: /127.244.25.85 has disconnected for reason Outdated Geyser proxy! This server supports the following Bedrock versions: 1.20.40/1.20.41, 1.20.50/1.20.51
[19:56:58] [Server thread/INFO]: BIGBEASTISHANK has made the advancement [Acquire Hardware]
[19:57:04] [Server thread/INFO]: BIGBEASTISHANK has made the advancement [Isn't It Iron Pick]
[19:57:07] [Server thread/INFO]: BIGBEASTISHANK has made the advancement [Diamonds!]
[19:58:06] [epollEventLoopGroup-3-1/INFO]: [Geyser-Spigot] /127.228.180.23:51077 tried to connect!
[19:58:07] [epollEventLoopGroup-3-3/INFO]: [Geyser-Spigot] Player connected with username ajha1304
[19:58:07] [defaultEventLoopGroup-6-3/INFO]: [Geyser-Spigot] ajha1304 (logged in as: ajha1304) has connected to the Java server
[19:58:07] [User Authenticator #3/INFO]: UUID of player ajha1304 is 926d1512-3375-3515-94d2-891e64131925
[19:58:07] [Server thread/INFO]: ajha1304 joined the game
[19:58:07] [Server thread/INFO]: ajha1304[/127.228.180.23:0] logged in with entity id 7995 at ([world]-292.24503, 79.0, 89.65929)
[19:58:17] [Async Chat Thread - #18/INFO]: [Not Secure] <SuspenseOp> diamonds wtf
[19:58:28] [Async Chat Thread - #19/INFO]: [Not Secure] <ajha1304> piyush hello
[19:58:51] [Server thread/INFO]: SuspenseOp has made the advancement [A Seedy Place]
[19:59:28] [Async Chat Thread - #18/INFO]: [Not Secure] <ajha1304> ishank torch lagao kuch nhi dikha rha
[19:59:56] [Async Chat Thread - #19/INFO]: [Not Secure] <ajha1304> thik hai yaad rakhenge
[20:00:20] [Async Chat Thread - #18/INFO]: [Not Secure] <ajha1304> hn to suicide kana is bad
[20:00:33] [Async Chat Thread - #19/INFO]: [Not Secure] <ajha1304> nhi
[20:00:41] [Async Chat Thread - #18/INFO]: [Not Secure] <ajha1304> piyush kaha gya
[20:00:47] [Async Chat Thread - #18/INFO]: [Not Secure] <SuspenseOp> ha
[20:00:50] [Async Chat Thread - #19/INFO]: [Not Secure] <SuspenseOp> bolo
[20:00:56] [Async Chat Thread - #18/INFO]: [Not Secure] <SuspenseOp> kill me
[20:00:56] [Async Chat Thread - #19/INFO]: [Not Secure] <ajha1304> why no vc
[20:01:10] [Async Chat Thread - #19/INFO]: [Not Secure] <SuspenseOp> ata hoon vc kisi or ke sath hoon vc me
[20:01:15] [Async Chat Thread - #19/INFO]: [Not Secure] <ajha1304> ooo
[20:02:03] [Async Chat Thread - #18/INFO]: [Not Secure] <ajha1304> ss gichnq mera
[20:02:05] [Server thread/INFO]: SuspenseOp was slain by ajha1304
[20:02:26] [Async Chat Thread - #19/INFO]: [Not Secure] <ajha1304> come up
[20:02:50] [Async Chat Thread - #18/INFO]: [Not Secure] <ajha1304> nhiiii
[20:03:00] [Async Chat Thread - #18/INFO]: [Not Secure] <ajha1304> piyush water
[20:03:27] [Async Chat Thread - #19/INFO]: [Not Secure] <BIGBEASTISHANK> halka sa lag kre ga charger me bhot der se tha 100 abhi niakle hai
[20:03:32] [Async Chat Thread - #18/INFO]: [Not Secure] <ajha1304> water
[20:03:43] [epollEventLoopGroup-3-1/INFO]: [Geyser-Spigot] /127.244.25.85:47627 tried to connect!
[20:03:45] [epollEventLoopGroup-3-4/INFO]: [Geyser-Spigot] Player connected with username SwankDaxter
[20:03:45] [defaultEventLoopGroup-6-4/INFO]: [Geyser-Spigot] SwankDaxter (logged in as: SwankDaxter) has connected to the Java server
[20:03:45] [User Authenticator #4/INFO]: UUID of player SwankDaxter is 43669759-d9e7-3027-a006-495d55bf9e96
[20:03:46] [Server thread/INFO]: SwankDaxter joined the game
[20:03:46] [Server thread/INFO]: SwankDaxter[/127.244.25.85:0] logged in with entity id 8852 at ([world]-322.5, 104.0, 167.5)
[20:03:57] [Async Chat Thread - #19/INFO]: [Not Secure] <ajha1304> ye kaun hai bokachoda
[20:05:01] [Server thread/INFO]: SwankDaxter was slain by ajha1304
[20:05:32] [Async Chat Thread - #21/INFO]: [Not Secure] <ajha1304> bachao ishank
[20:05:37] [Async Chat Thread - #20/INFO]: [Not Secure] <ajha1304> pillager aagya
[20:06:00] [Server thread/INFO]: ajha1304 was shot by Pillager
[20:06:29] [Async Chat Thread - #21/INFO]: [Not Secure] <ajha1304> bachaooooo
[20:06:49] [Server thread/INFO]: SwankDaxter has made the advancement [Stone Age]
[20:07:43] [Server thread/INFO]: SuspenseOp has made the advancement [Voluntary Exile]
[20:08:03] [Async Chat Thread - #22/INFO]: [Not Secure] <ajha1304> ruko bokchoda
[20:08:03] [Paper Watchdog Thread/ERROR]: --- DO NOT REPORT THIS TO PAPER - THIS IS NOT A BUG OR A CRASH  - git-Paper-339 (MC: 1.20.4) ---
[20:08:03] [Paper Watchdog Thread/ERROR]: The server has not responded for 10 seconds! Creating thread dump
[20:08:03] [Paper Watchdog Thread/ERROR]: ------------------------------
[20:08:03] [Paper Watchdog Thread/ERROR]: Server thread dump (Look for plugins here before reporting to Paper!):
[20:08:03] [Paper Watchdog Thread/ERROR]: ------------------------------
[20:08:03] [Paper Watchdog Thread/ERROR]: Current Thread: Server thread
[20:08:03] [Paper Watchdog Thread/ERROR]: 	PID: 43 | Suspended: false | Native: true | State: RUNNABLE
[20:08:03] [Paper Watchdog Thread/ERROR]: 	Stack:
[20:08:03] [Paper Watchdog Thread/ERROR]: 		java.base@21/sun.nio.ch.UnixFileDispatcherImpl.write0(Native Method)
[20:08:03] [Paper Watchdog Thread/ERROR]: 		java.base@21/sun.nio.ch.UnixFileDispatcherImpl.write(UnixFileDispatcherImpl.java:65)
[20:08:03] [Paper Watchdog Thread/ERROR]: 		java.base@21/sun.nio.ch.IOUtil.writeFromNativeBuffer(IOUtil.java:137)
[20:08:03] [Paper Watchdog Thread/ERROR]: 		java.base@21/sun.nio.ch.IOUtil.write(IOUtil.java:102)
[20:08:03] [Paper Watchdog Thread/ERROR]: 		java.base@21/sun.nio.ch.IOUtil.write(IOUtil.java:72)
[20:08:03] [Paper Watchdog Thread/ERROR]: 		java.base@21/sun.nio.ch.FileChannelImpl.write(FileChannelImpl.java:300)
[20:08:03] [Paper Watchdog Thread/ERROR]: 		java.base@21/sun.nio.ch.ChannelOutputStream.writeFully(ChannelOutputStream.java:68)
[20:08:03] [Paper Watchdog Thread/ERROR]: 		java.base@21/sun.nio.ch.ChannelOutputStream.write(ChannelOutputStream.java:105)
[20:08:03] [Paper Watchdog Thread/ERROR]: 		java.base@21/java.io.BufferedOutputStream.flushBuffer(BufferedOutputStream.java:125)
[20:08:03] [Paper Watchdog Thread/ERROR]: 		java.base@21/java.io.BufferedOutputStream.implFlush(BufferedOutputStream.java:252)
[20:08:03] [Paper Watchdog Thread/ERROR]: 		java.base@21/java.io.BufferedOutputStream.flush(BufferedOutputStream.java:240)
[20:08:03] [Paper Watchdog Thread/ERROR]: 		java.base@21/java.util.zip.DeflaterOutputStream.flush(DeflaterOutputStream.java:290)
[20:08:03] [Paper Watchdog Thread/ERROR]: 		java.base@21/java.io.BufferedOutputStream.implFlush(BufferedOutputStream.java:253)
[20:08:03] [Paper Watchdog Thread/ERROR]: 		java.base@21/java.io.BufferedOutputStream.flush(BufferedOutputStream.java:240)
[20:08:03] [Paper Watchdog Thread/ERROR]: 		java.base@21/java.io.DataOutputStream.flush(DataOutputStream.java:131)
[20:08:03] [Paper Watchdog Thread/ERROR]: 		java.base@21/java.io.FilterOutputStream.close(FilterOutputStream.java:184)
[20:08:03] [Paper Watchdog Thread/ERROR]: 		net.minecraft.nbt.NbtIo.writeCompressed(NbtIo.java:194)
[20:08:03] [Paper Watchdog Thread/ERROR]: 		net.minecraft.nbt.NbtIo.writeCompressed(NbtIo.java:146)
[20:08:03] [Paper Watchdog Thread/ERROR]: 		net.minecraft.world.level.storage.LevelStorageSource$LevelStorageAccess.saveLevelData(LevelStorageSource.java:616)
[20:08:03] [Paper Watchdog Thread/ERROR]: 		net.minecraft.world.level.storage.LevelStorageSource$LevelStorageAccess.saveDataTag(LevelStorageSource.java:607)
[20:08:03] [Paper Watchdog Thread/ERROR]: 		net.minecraft.server.level.ServerLevel.saveIncrementally(ServerLevel.java:1504)
[20:08:03] [Paper Watchdog Thread/ERROR]: 		net.minecraft.server.MinecraftServer.tickServer(MinecraftServer.java:1539)
[20:08:03] [Paper Watchdog Thread/ERROR]: 		net.minecraft.server.MinecraftServer.runServer(MinecraftServer.java:1214)
[20:08:03] [Paper Watchdog Thread/ERROR]: 		net.minecraft.server.MinecraftServer.lambda$spin$0(MinecraftServer.java:321)
[20:08:03] [Paper Watchdog Thread/ERROR]: 		net.minecraft.server.MinecraftServer$$Lambda/0x00007f8174b7ef60.run(Unknown Source)
[20:08:03] [Paper Watchdog Thread/ERROR]: 		java.base@21/java.lang.Thread.runWith(Thread.java:1596)
[20:08:03] [Paper Watchdog Thread/ERROR]: 		java.base@21/java.lang.Thread.run(Thread.java:1583)
[20:08:03] [Paper Watchdog Thread/ERROR]: ------------------------------
[20:08:03] [Paper Watchdog Thread/ERROR]: --- DO NOT REPORT THIS TO PAPER - THIS IS NOT A BUG OR A CRASH ---
[20:08:03] [Paper Watchdog Thread/ERROR]: ------------------------------
[20:08:08] [Server thread/WARN]: Can't keep up! Is the server overloaded? Running 14807ms or 296 ticks behind
[20:08:08] [Server thread/WARN]: SuspenseOp moved too quickly! -31.59930946942501,0.17675927506424216,6.535363195963271
[20:08:58] [Server thread/INFO]: SwankDaxter has made the advancement [Getting an Upgrade]
[20:09:15] [Async Chat Thread - #24/INFO]: [Not Secure] <ajha1304> humko chaiye
[20:09:30] [Async Chat Thread - #25/INFO]: [Not Secure] <ajha1304> dedo humo9
[20:09:43] [Server thread/INFO]: SwankDaxter was slain by ajha1304
[20:10:11] [Async Chat Thread - #24/INFO]: [Not Secure] <ajha1304> rhne do mood nhi
[20:10:17] [Server thread/INFO]: BIGBEASTISHANK has made the advancement [Cover Me with Diamonds]
[20:10:24] [Async Chat Thread - #25/INFO]: [Not Secure] <ajha1304> hackrr
[20:10:33] [Async Chat Thread - #25/INFO]: [Not Secure] <ajha1304> ye sala kmosole use karrha
[20:11:01] [Async Chat Thread - #25/INFO]: [Not Secure] <ajha1304> abhi moodnnhi hai
[20:11:20] [Server thread/INFO]: Gave 1 [Dirt] to 4
[20:11:23] [Async Chat Thread - #24/INFO]: [Not Secure] <ajha1304> yes humko ek stack iron do
[20:11:39] [Async Chat Thread - #25/INFO]: [Not Secure] <BIGBEASTISHANK> bhai isko lg rha hum console use kr rai
[20:11:39] [Async Chat Thread - #24/INFO]: [Not Secure] <ajha1304> ye piyush mc
[20:11:41] [Async Chat Thread - #24/INFO]: [Not Secure] <BIGBEASTISHANK> piyush
[20:11:45] [Async Chat Thread - #24/INFO]: [Not Secure] <BIGBEASTISHANK> jaldi aa vc me
[20:11:45] [Paper Watchdog Thread/ERROR]: --- DO NOT REPORT THIS TO PAPER - THIS IS NOT A BUG OR A CRASH  - git-Paper-339 (MC: 1.20.4) ---
[20:11:45] [Paper Watchdog Thread/ERROR]: The server has not responded for 10 seconds! Creating thread dump
[20:11:45] [Paper Watchdog Thread/ERROR]: ------------------------------
[20:11:45] [Paper Watchdog Thread/ERROR]: Server thread dump (Look for plugins here before reporting to Paper!):
[20:11:45] [Paper Watchdog Thread/ERROR]: ------------------------------
[20:11:45] [Paper Watchdog Thread/ERROR]: Current Thread: Server thread
[20:11:45] [Paper Watchdog Thread/ERROR]: 	PID: 43 | Suspended: false | Native: true | State: RUNNABLE
[20:11:45] [Paper Watchdog Thread/ERROR]: 	Stack:
[20:11:45] [Paper Watchdog Thread/ERROR]: 		java.base@21/java.io.FileDescriptor.close0(Native Method)
[20:11:45] [Paper Watchdog Thread/ERROR]: 		java.base@21/java.io.FileDescriptor.close(FileDescriptor.java:293)
[20:11:45] [Paper Watchdog Thread/ERROR]: 		java.base@21/java.io.FileDescriptor$1.close(FileDescriptor.java:88)
[20:11:45] [Paper Watchdog Thread/ERROR]: 		java.base@21/sun.nio.ch.FileChannelImpl$Closer.run(FileChannelImpl.java:116)
[20:11:45] [Paper Watchdog Thread/ERROR]: 		java.base@21/jdk.internal.ref.CleanerImpl$PhantomCleanableRef.performCleanup(CleanerImpl.java:178)
[20:11:45] [Paper Watchdog Thread/ERROR]: 		java.base@21/jdk.internal.ref.PhantomCleanable.clean(PhantomCleanable.java:133)
[20:11:45] [Paper Watchdog Thread/ERROR]: 		java.base@21/sun.nio.ch.FileChannelImpl.implCloseChannel(FileChannelImpl.java:210)
[20:11:45] [Paper Watchdog Thread/ERROR]: 		java.base@21/java.nio.channels.spi.AbstractInterruptibleChannel.close(AbstractInterruptibleChannel.java:113)
[20:11:45] [Paper Watchdog Thread/ERROR]: 		java.base@21/sun.nio.ch.ChannelOutputStream.close(ChannelOutputStream.java:111)
[20:11:45] [Paper Watchdog Thread/ERROR]: 		org.apache.commons.io.FileUtils.writeStringToFile(FileUtils.java:3512)
[20:11:45] [Paper Watchdog Thread/ERROR]: 		org.apache.commons.io.FileUtils.writeStringToFile(FileUtils.java:3461)
[20:11:45] [Paper Watchdog Thread/ERROR]: 		net.minecraft.stats.ServerStatsCounter.save(ServerStatsCounter.java:73)
[20:11:45] [Paper Watchdog Thread/ERROR]: 		net.minecraft.server.players.PlayerList.save(PlayerList.java:585)
[20:11:45] [Paper Watchdog Thread/ERROR]: 		net.minecraft.server.players.PlayerList.lambda$saveAll$2(PlayerList.java:1239)
[20:11:45] [Paper Watchdog Thread/ERROR]: 		net.minecraft.server.players.PlayerList$$Lambda/0x00007f8175469f90.get(Unknown Source)
[20:11:45] [Paper Watchdog Thread/ERROR]: 		io.papermc.paper.util.MCUtil.ensureMain(MCUtil.java:380)
[20:11:45] [Paper Watchdog Thread/ERROR]: 		net.minecraft.server.players.PlayerList.saveAll(PlayerList.java:1232)
[20:11:45] [Paper Watchdog Thread/ERROR]: 		net.minecraft.server.MinecraftServer.tickServer(MinecraftServer.java:1535)
[20:11:45] [Paper Watchdog Thread/ERROR]: 		net.minecraft.server.MinecraftServer.runServer(MinecraftServer.java:1214)
[20:11:45] [Paper Watchdog Thread/ERROR]: 		net.minecraft.server.MinecraftServer.lambda$spin$0(MinecraftServer.java:321)
[20:11:45] [Paper Watchdog Thread/ERROR]: 		net.minecraft.server.MinecraftServer$$Lambda/0x00007f8174b7ef60.run(Unknown Source)
[20:11:45] [Paper Watchdog Thread/ERROR]: 		java.base@21/java.lang.Thread.runWith(Thread.java:1596)
[20:11:45] [Paper Watchdog Thread/ERROR]: 		java.base@21/java.lang.Thread.run(Thread.java:1583)
[20:11:45] [Paper Watchdog Thread/ERROR]: ------------------------------
[20:11:45] [Paper Watchdog Thread/ERROR]: --- DO NOT REPORT THIS TO PAPER - THIS IS NOT A BUG OR A CRASH ---
[20:11:45] [Paper Watchdog Thread/ERROR]: ------------------------------
[20:11:48] [Async Chat Thread - #25/INFO]: [Not Secure] <BIGBEASTISHANK> jaldi aa madharcho
[20:11:50] [Async Chat Thread - #24/INFO]: [Not Secure] <BIGBEASTISHANK> piyu
[20:11:50] [Paper Watchdog Thread/ERROR]: --- DO NOT REPORT THIS TO PAPER - THIS IS NOT A BUG OR A CRASH  - git-Paper-339 (MC: 1.20.4) ---
[20:11:50] [Paper Watchdog Thread/ERROR]: The server has not responded for 15 seconds! Creating thread dump
[20:11:50] [Paper Watchdog Thread/ERROR]: ------------------------------
[20:11:50] [Paper Watchdog Thread/ERROR]: Server thread dump (Look for plugins here before reporting to Paper!):
[20:11:50] [Paper Watchdog Thread/ERROR]: ------------------------------
[20:11:50] [Paper Watchdog Thread/ERROR]: Current Thread: Server thread
[20:11:50] [Paper Watchdog Thread/ERROR]: 	PID: 43 | Suspended: false | Native: true | State: RUNNABLE
[20:11:50] [Paper Watchdog Thread/ERROR]: 	Stack:
[20:11:50] [Paper Watchdog Thread/ERROR]: 		java.base@21/java.io.FileDescriptor.close0(Native Method)
[20:11:50] [Paper Watchdog Thread/ERROR]: 		java.base@21/java.io.FileDescriptor.close(FileDescriptor.java:293)
[20:11:50] [Paper Watchdog Thread/ERROR]: 		java.base@21/java.io.FileDescriptor$1.close(FileDescriptor.java:88)
[20:11:50] [Paper Watchdog Thread/ERROR]: 		java.base@21/sun.nio.ch.FileChannelImpl$Closer.run(FileChannelImpl.java:116)
[20:11:50] [Paper Watchdog Thread/ERROR]: 		java.base@21/jdk.internal.ref.CleanerImpl$PhantomCleanableRef.performCleanup(CleanerImpl.java:178)
[20:11:50] [Paper Watchdog Thread/ERROR]: 		java.base@21/jdk.internal.ref.PhantomCleanable.clean(PhantomCleanable.java:133)
[20:11:50] [Paper Watchdog Thread/ERROR]: 		java.base@21/sun.nio.ch.FileChannelImpl.implCloseChannel(FileChannelImpl.java:210)
[20:11:50] [Paper Watchdog Thread/ERROR]: 		java.base@21/java.nio.channels.spi.AbstractInterruptibleChannel.close(AbstractInterruptibleChannel.java:113)
[20:11:50] [Paper Watchdog Thread/ERROR]: 		java.base@21/sun.nio.ch.ChannelOutputStream.close(ChannelOutputStream.java:111)
[20:11:50] [Paper Watchdog Thread/ERROR]: 		org.apache.commons.io.FileUtils.writeStringToFile(FileUtils.java:3512)
[20:11:50] [Paper Watchdog Thread/ERROR]: 		org.apache.commons.io.FileUtils.writeStringToFile(FileUtils.java:3461)
[20:11:50] [Paper Watchdog Thread/ERROR]: 		net.minecraft.stats.ServerStatsCounter.save(ServerStatsCounter.java:73)
[20:11:50] [Paper Watchdog Thread/ERROR]: 		net.minecraft.server.players.PlayerList.save(PlayerList.java:585)
[20:11:50] [Paper Watchdog Thread/ERROR]: 		net.minecraft.server.players.PlayerList.lambda$saveAll$2(PlayerList.java:1239)
[20:11:50] [Paper Watchdog Thread/ERROR]: 		net.minecraft.server.players.PlayerList$$Lambda/0x00007f8175469f90.get(Unknown Source)
[20:11:50] [Paper Watchdog Thread/ERROR]: 		io.papermc.paper.util.MCUtil.ensureMain(MCUtil.java:380)
[20:11:50] [Paper Watchdog Thread/ERROR]: 		net.minecraft.server.players.PlayerList.saveAll(PlayerList.java:1232)
[20:11:50] [Paper Watchdog Thread/ERROR]: 		net.minecraft.server.MinecraftServer.tickServer(MinecraftServer.java:1535)
[20:11:50] [Paper Watchdog Thread/ERROR]: 		net.minecraft.server.MinecraftServer.runServer(MinecraftServer.java:1214)
[20:11:50] [Paper Watchdog Thread/ERROR]: 		net.minecraft.server.MinecraftServer.lambda$spin$0(MinecraftServer.java:321)
[20:11:50] [Paper Watchdog Thread/ERROR]: 		net.minecraft.server.MinecraftServer$$Lambda/0x00007f8174b7ef60.run(Unknown Source)
[20:11:50] [Paper Watchdog Thread/ERROR]: 		java.base@21/java.lang.Thread.runWith(Thread.java:1596)
[20:11:50] [Paper Watchdog Thread/ERROR]: 		java.base@21/java.lang.Thread.run(Thread.java:1583)
[20:11:50] [Paper Watchdog Thread/ERROR]: ------------------------------
[20:11:50] [Paper Watchdog Thread/ERROR]: --- DO NOT REPORT THIS TO PAPER - THIS IS NOT A BUG OR A CRASH ---
[20:11:50] [Paper Watchdog Thread/ERROR]: ------------------------------
[20:11:51] [Server thread/WARN]: Can't keep up! Is the server overloaded? Running 15204ms or 304 ticks behind
[20:11:51] [Server thread/WARN]: ajha1304 moved too quickly! -1.929930000000013,-1.0,9.887439999999998
[20:11:51] [Server thread/WARN]: SuspenseOp moved too quickly! 19.059094366991303,1.504799122994072,-33.99452830705264
[20:11:52] [Async Chat Thread - #25/INFO]: [Not Secure] <BIGBEASTISHANK> jaldi aa
[20:12:26] [Server thread/INFO]: ajha1304 was slain by SwankDaxter
[20:12:32] [Server thread/INFO]: Gave 1 [Dirt] to 4
[20:12:51] [Server thread/INFO]: ajha1304 was shot by Pillager
[20:13:22] [Server thread/INFO]: ajha1304 was shot by Pillager
[20:13:32] [Server thread/WARN]: Can't keep up! Is the server overloaded? Running 8472ms or 169 ticks behind
[20:13:32] [Server thread/WARN]: SuspenseOp moved too quickly! -16.601105777103328,4.0,5.5790858829348124
[20:13:37] [Server thread/INFO]: SwankDaxter has made the advancement [Monster Hunter]
[20:13:41] [Async Chat Thread - #26/INFO]: [Not Secure] <ajha1304> arre raid hogay bachao
[20:13:58] [Server thread/INFO]: ajha1304 has made the advancement [Voluntary Exile]
[20:14:11] [Server thread/INFO]: ajha1304 was shot by Pillager
[20:14:55] [Async Chat Thread - #28/INFO]: [Not Secure] <ajha1304> abbe help kwro
[20:15:41] [Async Chat Thread - #28/INFO]: [Not Secure] <ajha1304> villager mar rha
[20:15:48] [Server thread/INFO]: SwankDaxter has made the advancement [Acquire Hardware]
[20:15:59] [Server thread/INFO]: SuspenseOp was shot by Pillager
[20:16:12] [Async Chat Thread - #29/INFO]: [Not Secure] <ajha1304> yessss
[20:16:24] [Async Chat Thread - #28/INFO]: [Not Secure] <ajha1304> give plz iron sword
[20:16:35] [Server thread/INFO]: SuspenseOp was slain by Vindicator
[20:16:38] [Async Chat Thread - #29/INFO]: [Not Secure] <ajha1304> jldi womar jayenge villager
[20:16:43] [Server thread/INFO]: SwankDaxter has made the advancement [Isn't It Iron Pick]
[20:16:51] [Server thread/INFO]: ajha1304 has made the advancement [Isn't It Iron Pick]
[20:16:54] [Server thread/INFO]: BIGBEASTISHANK fell from a high place
[20:17:08] [Async Chat Thread - #29/INFO]: [Not Secure] <ajha1304> sword bole bro
[20:17:28] [Async Chat Thread - #28/INFO]: [Not Secure] <SwankDaxter> iron khatam
[20:17:33] [Server thread/INFO]: BIGBEASTISHANK has made the advancement [Voluntary Exile]
[20:17:41] [Async Chat Thread - #28/INFO]: [Not Secure] <ajha1304> kill me
[20:17:53] [Async Chat Thread - #29/INFO]: [Not Secure] <ajha1304> fast kill me
[20:18:02] [Server thread/INFO]: ajha1304 was slain by SwankDaxter
[20:18:26] [Server thread/INFO]: BIGBEASTISHANK was slain by Ravager
[20:18:59] [Server thread/INFO]: SuspenseOp has completed the challenge [Hero of the Village]
[20:18:59] [Server thread/INFO]: ajha1304 has completed the challenge [Hero of the Village]
[20:18:59] [Server thread/INFO]: BIGBEASTISHANK has completed the challenge [Hero of the Village]
[20:19:06] [Server thread/INFO]: ajha1304 was slain by BIGBEASTISHANK
[20:19:19] [Async Chat Thread - #30/INFO]: [Not Secure] <ajha1304> gg
[20:19:40] [Server thread/INFO]: SuspenseOp fell from a high place
[20:19:47] [Async Chat Thread - #31/INFO]: [Not Secure] <ajha1304> ishank bohot glt kiye
[20:20:51] [Async Chat Thread - #32/INFO]: [Not Secure] <ajha1304> xray yes
[20:21:04] [Async Chat Thread - #33/INFO]: [Not Secure] <ajha1304> yes yes xray
[20:21:10] [Server thread/WARN]: SuspenseOp moved wrongly!
[20:21:37] [Async Chat Thread - #33/INFO]: [Not Secure] <ajha1304> madhar chod gandu saaal
[20:21:47] [Async Chat Thread - #33/INFO]: [Not Secure] <ajha1304> kill me
[20:21:52] [Server thread/INFO]: SuspenseOp was slain by ajha1304
[20:22:08] [Async Chat Thread - #32/INFO]: [Not Secure] <ajha1304> re madharchod ishank gandu bhosdike
[20:22:15] [Async Chat Thread - #33/INFO]: [Not Secure] <ajha1304> maar mujhe
[20:22:30] [Async Chat Thread - #33/INFO]: [Not Secure] <ajha1304> cheqter hai
[20:22:46] [Server thread/INFO]: BIGBEASTISHANK was slain by ajha1304
[20:23:00] [Async Chat Thread - #32/INFO]: [Not Secure] <ajha1304> agar aagye to diamond armour merq
[20:23:23] [Async Chat Thread - #33/INFO]: [Not Secure] <ajha1304> hum bole the na cheater hai ye chutiye
[20:23:28] [Server thread/INFO]: ajha1304 drowned
[20:23:38] [Server thread/INFO]: SuspenseOp has made the advancement [Diamonds!]
[20:24:05] [Async Chat Thread - #33/INFO]: [Not Secure] <ajha1304> cheater
[20:24:37] [Async Chat Thread - #32/INFO]: [Not Secure] <ajha1304> fuck you
[20:25:05] [Server thread/INFO]: ajha1304 was slain by BIGBEASTISHANK
[20:25:20] [Server thread/INFO]: BIGBEASTISHANK has made the advancement [Hot Stuff]
[20:25:22] [Async Chat Thread - #33/INFO]: [Not Secure] <ajha1304> pheko cheater
[20:25:28] [Server thread/INFO]: BIGBEASTISHANK fell from a high place
[20:25:58] [Server thread/INFO]: ajha1304 was slain by BIGBEASTISHANK
[20:26:17] [Server thread/INFO]: BIGBEASTISHANK was slain by ajha1304
[20:26:22] [Async Chat Thread - #34/INFO]: [Not Secure] <ajha1304> hum bataye
[20:26:32] [Async Chat Thread - #35/INFO]: [Not Secure] <ajha1304> tum gwnda cheater
[20:26:37] [Server thread/INFO]: ajha1304 tried to swim in lava
[20:26:59] [Server thread/INFO]: SuspenseOp tried to swim in lava
[20:27:29] [Async Chat Thread - #34/INFO]: [Not Secure] <ajha1304> build karo ghar
[20:27:36] [Async Chat Thread - #34/INFO]: [Not Secure] <ajha1304> kill me
[20:27:54] [Server thread/INFO]: SuspenseOp lost connection: Disconnected
[20:27:54] [Server thread/INFO]: SuspenseOp left the game
[20:28:04] [Async Chat Thread - #35/INFO]: [Not Secure] <ajha1304> medhak ko bola lo
[20:28:23] [Async Chat Thread - #35/INFO]: [Not Secure] <ajha1304> ishank aao nw
[20:28:32] [defaultEventLoopGroup-6-4/INFO]: [Geyser-Spigot] SwankDaxter has disconnected from the Java server because of Bedrock client disconnected
[20:28:32] [Server thread/INFO]: SwankDaxter lost connection: Disconnected
[20:28:32] [Server thread/INFO]: SwankDaxter left the game
[20:29:00] [Async Chat Thread - #34/INFO]: [Not Secure] <ajha1304> bro
[20:29:54] [Async Chat Thread - #35/INFO]: [Not Secure] <ajha1304> nhi
[20:30:31] [Async Chat Thread - #34/INFO]: [Not Secure] <ajha1304> khelo 9baje tak
[20:30:39] [defaultEventLoopGroup-6-3/INFO]: [Geyser-Spigot] ajha1304 has disconnected from the Java server because of Bedrock client disconnected
[20:30:39] [Server thread/INFO]: ajha1304 lost connection: Disconnected
[20:30:40] [Server thread/INFO]: ajha1304 left the game
[20:32:25] [epollEventLoopGroup-3-1/INFO]: [Geyser-Spigot] /127.228.180.23:51077 tried to connect!
[20:32:27] [epollEventLoopGroup-3-1/INFO]: [Geyser-Spigot] Player connected with username ajha1304
[20:32:27] [defaultEventLoopGroup-6-1/INFO]: [Geyser-Spigot] ajha1304 (logged in as: ajha1304) has connected to the Java server
[20:32:27] [User Authenticator #5/INFO]: UUID of player ajha1304 is 926d1512-3375-3515-94d2-891e64131925
[20:32:27] [Server thread/INFO]: ajha1304 joined the game
[20:32:27] [Server thread/INFO]: ajha1304[/127.228.180.23:0] logged in with entity id 15108 at ([world]-299.22095, 87.0, 95.941315)
[20:33:01] [Server thread/INFO]: ajha1304 burned to death
[20:33:04] [Server thread/INFO]: BIGBEASTISHANK lost connection: Disconnected
[20:33:04] [Server thread/INFO]: BIGBEASTISHANK left the game
[20:33:22] [defaultEventLoopGroup-6-1/INFO]: [Geyser-Spigot] ajha1304 has disconnected from the Java server because of Bedrock client timed out
[20:33:22] [Server thread/INFO]: ajha1304 lost connection: Disconnected
[20:33:22] [Server thread/INFO]: ajha1304 left the game
