[2023-12-30 17:16:44] [INFO]:
Spectator UUID: 53a3fdc7-56b7-3745-9569-a972de0a4fea
Spectator Name: BIGBEASTISHANK
Taken         : [DIAMOND_HELMET & ARMOR_META:{meta-type=ARMOR, enchants={PROTECTION_ENVIRONMENTAL=4, DURABILITY=3}, repair-cost=1, Damage=39} x 1]
Given         : []
Target        : SuspenseOp
[2023-12-30 17:16:44] [INFO]:
Spectator UUID: 53a3fdc7-56b7-3745-9569-a972de0a4fea
Spectator Name: BIGBEASTISHANK
Taken         : [DIAMOND_HELMET & ARMOR_META:{meta-type=ARMOR, enchants={PROTECTION_ENVIRONMENTAL=4, DURABILITY=3}, repair-cost=1, Damage=39} x 1]
Given         : []
Target        : SuspenseOp
[2023-12-30 17:16:44] [INFO]:
Spectator UUID: 53a3fdc7-56b7-3745-9569-a972de0a4fea
Spectator Name: BIGBEASTISHANK
Taken         : [DIAMOND_HELMET & ARMOR_META:{meta-type=ARMOR, enchants={PROTECTION_ENVIRONMENTAL=4, DURABILITY=3}, repair-cost=1, Damage=39} x 1]
Given         : []
Target        : SuspenseOp
[2023-12-30 17:16:44] [INFO]:
Spectator UUID: 53a3fdc7-56b7-3745-9569-a972de0a4fea
Spectator Name: BIGBEASTISHANK
Taken         : [DIAMOND_HELMET & ARMOR_META:{meta-type=ARMOR, enchants={PROTECTION_ENVIRONMENTAL=4, DURABILITY=3}, repair-cost=1, Damage=39} x 1]
Given         : []
Target        : SuspenseOp
[2023-12-30 17:16:44] [INFO]:
Spectator UUID: 53a3fdc7-56b7-3745-9569-a972de0a4fea
Spectator Name: BIGBEASTISHANK
Taken         : [DIAMOND_HELMET & ARMOR_META:{meta-type=ARMOR, enchants={PROTECTION_ENVIRONMENTAL=4, DURABILITY=3}, repair-cost=1, Damage=39} x 1]
Given         : []
Target        : SuspenseOp
[2023-12-30 17:16:51] [INFO]:
Spectator UUID: 53a3fdc7-56b7-3745-9569-a972de0a4fea
Spectator Name: BIGBEASTISHANK
Taken         : []
Given         : [DIAMOND_HELMET & ARMOR_META:{meta-type=ARMOR, enchants={PROTECTION_ENVIRONMENTAL=4, DURABILITY=3}, repair-cost=1, Damage=39} x 1]
Target        : SuspenseOp
[2023-12-30 17:16:51] [INFO]:
Spectator UUID: 53a3fdc7-56b7-3745-9569-a972de0a4fea
Spectator Name: BIGBEASTISHANK
Taken         : []
Given         : [DIAMOND_HELMET & ARMOR_META:{meta-type=ARMOR, enchants={PROTECTION_ENVIRONMENTAL=4, DURABILITY=3}, repair-cost=1, Damage=39} x 1]
Target        : SuspenseOp
[2023-12-30 17:16:51] [INFO]:
Spectator UUID: 53a3fdc7-56b7-3745-9569-a972de0a4fea
Spectator Name: BIGBEASTISHANK
Taken         : []
Given         : [DIAMOND_HELMET & ARMOR_META:{meta-type=ARMOR, enchants={PROTECTION_ENVIRONMENTAL=4, DURABILITY=3}, repair-cost=1, Damage=39} x 1]
Target        : SuspenseOp
[2023-12-30 17:16:51] [INFO]:
Spectator UUID: 53a3fdc7-56b7-3745-9569-a972de0a4fea
Spectator Name: BIGBEASTISHANK
Taken         : []
Given         : [DIAMOND_HELMET & ARMOR_META:{meta-type=ARMOR, enchants={PROTECTION_ENVIRONMENTAL=4, DURABILITY=3}, repair-cost=1, Damage=39} x 1]
Target        : SuspenseOp
[2023-12-30 17:16:51] [INFO]:
Spectator UUID: 53a3fdc7-56b7-3745-9569-a972de0a4fea
Spectator Name: BIGBEASTISHANK
Taken         : []
Given         : [DIAMOND_HELMET & ARMOR_META:{meta-type=ARMOR, enchants={PROTECTION_ENVIRONMENTAL=4, DURABILITY=3}, repair-cost=1, Damage=39} x 1]
Target        : SuspenseOp
[2023-12-30 17:16:51] [INFO]:
Spectator UUID: 53a3fdc7-56b7-3745-9569-a972de0a4fea
Spectator Name: BIGBEASTISHANK
Taken         : []
Given         : [DIAMOND_HELMET & ARMOR_META:{meta-type=ARMOR, enchants={PROTECTION_ENVIRONMENTAL=4, DURABILITY=3}, repair-cost=1, Damage=39} x 1]
Target        : SuspenseOp
[2023-12-30 17:17:23] [INFO]:
Spectator UUID: 53a3fdc7-56b7-3745-9569-a972de0a4fea
Spectator Name: BIGBEASTISHANK
Taken         : [DIAMOND_HELMET & ARMOR_META:{meta-type=ARMOR, enchants={PROTECTION_ENVIRONMENTAL=4, DURABILITY=3}, repair-cost=1, Damage=40} x 1]
Given         : []
Target        : SuspenseOp
[2023-12-30 17:17:23] [INFO]:
Spectator UUID: 53a3fdc7-56b7-3745-9569-a972de0a4fea
Spectator Name: BIGBEASTISHANK
Taken         : [DIAMOND_HELMET & ARMOR_META:{meta-type=ARMOR, enchants={PROTECTION_ENVIRONMENTAL=4, DURABILITY=3}, repair-cost=1, Damage=40} x 1]
Given         : []
Target        : SuspenseOp
[2023-12-30 17:17:23] [INFO]:
Spectator UUID: 53a3fdc7-56b7-3745-9569-a972de0a4fea
Spectator Name: BIGBEASTISHANK
Taken         : [DIAMOND_HELMET & ARMOR_META:{meta-type=ARMOR, enchants={PROTECTION_ENVIRONMENTAL=4, DURABILITY=3}, repair-cost=1, Damage=40} x 1]
Given         : []
Target        : SuspenseOp
[2023-12-30 17:17:23] [INFO]:
Spectator UUID: 53a3fdc7-56b7-3745-9569-a972de0a4fea
Spectator Name: BIGBEASTISHANK
Taken         : [DIAMOND_HELMET & ARMOR_META:{meta-type=ARMOR, enchants={PROTECTION_ENVIRONMENTAL=4, DURABILITY=3}, repair-cost=1, Damage=40} x 1]
Given         : []
Target        : SuspenseOp
[2023-12-30 17:17:23] [INFO]:
Spectator UUID: 53a3fdc7-56b7-3745-9569-a972de0a4fea
Spectator Name: BIGBEASTISHANK
Taken         : [DIAMOND_HELMET & ARMOR_META:{meta-type=ARMOR, enchants={PROTECTION_ENVIRONMENTAL=4, DURABILITY=3}, repair-cost=1, Damage=40} x 1]
Given         : []
Target        : SuspenseOp
[2023-12-30 17:17:23] [INFO]:
Spectator UUID: 53a3fdc7-56b7-3745-9569-a972de0a4fea
Spectator Name: BIGBEASTISHANK
Taken         : [DIAMOND_HELMET & ARMOR_META:{meta-type=ARMOR, enchants={PROTECTION_ENVIRONMENTAL=4, DURABILITY=3}, repair-cost=1, Damage=40} x 1]
Given         : []
Target        : SuspenseOp
[2023-12-30 17:17:23] [INFO]:
Spectator UUID: 53a3fdc7-56b7-3745-9569-a972de0a4fea
Spectator Name: BIGBEASTISHANK
Taken         : [DIAMOND_HELMET & ARMOR_META:{meta-type=ARMOR, enchants={PROTECTION_ENVIRONMENTAL=4, DURABILITY=3}, repair-cost=1, Damage=40} x 1]
Given         : []
Target        : SuspenseOp
